Vivado Simulator 2020.1
Time resolution is 1 ps
Processor started. Waiting in IDLE loop...
Time: 25000 ns | PC: xxxxxxxx | MemtoReg: xx | Jump: x | Jalr: x
Time: 35000 ns | PC: xxxxxxxx | MemtoReg: xx | Jump: x | Jalr: x
Time: 45000 ns | PC: xxxxxxxx | MemtoReg: xx | Jump: x | Jalr: x
Time: 55000 ns | PC: xxxxxxxx | MemtoReg: xx | Jump: x | Jalr: x
Time: 65000 ns | PC: xxxxxxxx | MemtoReg: xx | Jump: x | Jalr: x
Time: 75000 ns | PC: xxxxxxxx | MemtoReg: xx | Jump: x | Jalr: x
Time: 85000 ns | PC: xxxxxxxx | MemtoReg: xx | Jump: x | Jalr: x
Time: 95000 ns | PC: xxxxxxxx | MemtoReg: xx | Jump: x | Jalr: x
Time: 105000 ns | PC: xxxxxxxx | MemtoReg: xx | Jump: x | Jalr: x
Time: 115000 ns | PC: xxxxxxxx | MemtoReg: xx | Jump: x | Jalr: x
Flipping switches to 6...
Time: 125000 ns | PC: xxxxxxxx | MemtoReg: xx | Jump: x | Jalr: x
Time: 135000 ns | PC: xxxxxxxx | MemtoReg: xx | Jump: x | Jalr: x
Time: 145000 ns | PC: xxxxxxxx | MemtoReg: xx | Jump: x | Jalr: x
Time: 155000 ns | PC: xxxxxxxx | MemtoReg: xx | Jump: x | Jalr: x
Time: 165000 ns | PC: xxxxxxxx | MemtoReg: xx | Jump: x | Jalr: x
Time: 175000 ns | PC: xxxxxxxx | MemtoReg: xx | Jump: x | Jalr: x
Time: 185000 ns | PC: xxxxxxxx | MemtoReg: xx | Jump: x | Jalr: x
Time: 195000 ns | PC: xxxxxxxx | MemtoReg: xx | Jump: x | Jalr: x
Time: 205000 ns | PC: xxxxxxxx | MemtoReg: xx | Jump: x | Jalr: x
Time: 215000 ns | PC: xxxxxxxx | MemtoReg: xx | Jump: x | Jalr: x
Time: 225000 ns | PC: xxxxxxxx | MemtoReg: xx | Jump: x | Jalr: x
Time: 235000 ns | PC: xxxxxxxx | MemtoReg: xx | Jump: x | Jalr: x
Time: 245000 ns | PC: xxxxxxxx | MemtoReg: xx | Jump: x | Jalr: x
Time: 255000 ns | PC: xxxxxxxx | MemtoReg: xx | Jump: x | Jalr: x
Time: 265000 ns | PC: xxxxxxxx | MemtoReg: xx | Jump: x | Jalr: x
Time: 275000 ns | PC: xxxxxxxx | MemtoReg: xx | Jump: x | Jalr: x
Time: 285000 ns | PC: xxxxxxxx | MemtoReg: xx | Jump: x | Jalr: x
Time: 295000 ns | PC: xxxxxxxx | MemtoReg: xx | Jump: x | Jalr: x
Time: 305000 ns | PC: xxxxxxxx | MemtoReg: xx | Jump: x | Jalr: x
Time: 315000 ns | PC: xxxxxxxx | MemtoReg: xx | Jump: x | Jalr: x
Time: 325000 ns | PC: xxxxxxxx | MemtoReg: xx | Jump: x | Jalr: x
Time: 335000 ns | PC: xxxxxxxx | MemtoReg: xx | Jump: x | Jalr: x
Time: 345000 ns | PC: xxxxxxxx | MemtoReg: xx | Jump: x | Jalr: x
Time: 355000 ns | PC: xxxxxxxx | MemtoReg: xx | Jump: x | Jalr: x
Time: 365000 ns | PC: xxxxxxxx | MemtoReg: xx | Jump: x | Jalr: x
Time: 375000 ns | PC: xxxxxxxx | MemtoReg: xx | Jump: x | Jalr: x
Time: 385000 ns | PC: xxxxxxxx | MemtoReg: xx | Jump: x | Jalr: x
Time: 395000 ns | PC: xxxxxxxx | MemtoReg: xx | Jump: x | Jalr: x
Time: 405000 ns | PC: xxxxxxxx | MemtoReg: xx | Jump: x | Jalr: x
Time: 415000 ns | PC: xxxxxxxx | MemtoReg: xx | Jump: x | Jalr: x
Time: 425000 ns | PC: xxxxxxxx | MemtoReg: xx | Jump: x | Jalr: x
Time: 435000 ns | PC: xxxxxxxx | MemtoReg: xx | Jump: x | Jalr: x
Time: 445000 ns | PC: xxxxxxxx | MemtoReg: xx | Jump: x | Jalr: x
Time: 455000 ns | PC: xxxxxxxx | MemtoReg: xx | Jump: x | Jalr: x
Time: 465000 ns | PC: xxxxxxxx | MemtoReg: xx | Jump: x | Jalr: x
Time: 475000 ns | PC: xxxxxxxx | MemtoReg: xx | Jump: x | Jalr: x
Time: 485000 ns | PC: xxxxxxxx | MemtoReg: xx | Jump: x | Jalr: x
Time: 495000 ns | PC: xxxxxxxx | MemtoReg: xx | Jump: x | Jalr: x
Time: 505000 ns | PC: xxxxxxxx | MemtoReg: xx | Jump: x | Jalr: x
Time: 515000 ns | PC: xxxxxxxx | MemtoReg: xx | Jump: x | Jalr: x
Time: 525000 ns | PC: xxxxxxxx | MemtoReg: xx | Jump: x | Jalr: x
Time: 535000 ns | PC: xxxxxxxx | MemtoReg: xx | Jump: x | Jalr: x
Time: 545000 ns | PC: xxxxxxxx | MemtoReg: xx | Jump: x | Jalr: x
Time: 555000 ns | PC: xxxxxxxx | MemtoReg: xx | Jump: x | Jalr: x
Time: 565000 ns | PC: xxxxxxxx | MemtoReg: xx | Jump: x | Jalr: x
Time: 575000 ns | PC: xxxxxxxx | MemtoReg: xx | Jump: x | Jalr: x
Time: 585000 ns | PC: xxxxxxxx | MemtoReg: xx | Jump: x | Jalr: x
Time: 595000 ns | PC: xxxxxxxx | MemtoReg: xx | Jump: x | Jalr: x
Time: 605000 ns | PC: xxxxxxxx | MemtoReg: xx | Jump: x | Jalr: x
Time: 615000 ns | PC: xxxxxxxx | MemtoReg: xx | Jump: x | Jalr: x
Time: 625000 ns | PC: xxxxxxxx | MemtoReg: xx | Jump: x | Jalr: x
Time: 635000 ns | PC: xxxxxxxx | MemtoReg: xx | Jump: x | Jalr: x
Time: 645000 ns | PC: xxxxxxxx | MemtoReg: xx | Jump: x | Jalr: x
Time: 655000 ns | PC: xxxxxxxx | MemtoReg: xx | Jump: x | Jalr: x
Time: 665000 ns | PC: xxxxxxxx | MemtoReg: xx | Jump: x | Jalr: x
Time: 675000 ns | PC: xxxxxxxx | MemtoReg: xx | Jump: x | Jalr: x
Time: 685000 ns | PC: xxxxxxxx | MemtoReg: xx | Jump: x | Jalr: x
Time: 695000 ns | PC: xxxxxxxx | MemtoReg: xx | Jump: x | Jalr: x
Time: 705000 ns | PC: xxxxxxxx | MemtoReg: xx | Jump: x | Jalr: x
Time: 715000 ns | PC: xxxxxxxx | MemtoReg: xx | Jump: x | Jalr: x
Time: 725000 ns | PC: xxxxxxxx | MemtoReg: xx | Jump: x | Jalr: x
Time: 735000 ns | PC: xxxxxxxx | MemtoReg: xx | Jump: x | Jalr: x
Time: 745000 ns | PC: xxxxxxxx | MemtoReg: xx | Jump: x | Jalr: x
Time: 755000 ns | PC: xxxxxxxx | MemtoReg: xx | Jump: x | Jalr: x
Time: 765000 ns | PC: xxxxxxxx | MemtoReg: xx | Jump: x | Jalr: x
Time: 775000 ns | PC: xxxxxxxx | MemtoReg: xx | Jump: x | Jalr: x
Time: 785000 ns | PC: xxxxxxxx | MemtoReg: xx | Jump: x | Jalr: x
Time: 795000 ns | PC: xxxxxxxx | MemtoReg: xx | Jump: x | Jalr: x
Time: 805000 ns | PC: xxxxxxxx | MemtoReg: xx | Jump: x | Jalr: x
Time: 815000 ns | PC: xxxxxxxx | MemtoReg: xx | Jump: x | Jalr: x
Time: 825000 ns | PC: xxxxxxxx | MemtoReg: xx | Jump: x | Jalr: x
Time: 835000 ns | PC: xxxxxxxx | MemtoReg: xx | Jump: x | Jalr: x
Time: 845000 ns | PC: xxxxxxxx | MemtoReg: xx | Jump: x | Jalr: x
Time: 855000 ns | PC: xxxxxxxx | MemtoReg: xx | Jump: x | Jalr: x
Time: 865000 ns | PC: xxxxxxxx | MemtoReg: xx | Jump: x | Jalr: x
Time: 875000 ns | PC: xxxxxxxx | MemtoReg: xx | Jump: x | Jalr: x
Time: 885000 ns | PC: xxxxxxxx | MemtoReg: xx | Jump: x | Jalr: x
Time: 895000 ns | PC: xxxxxxxx | MemtoReg: xx | Jump: x | Jalr: x
Time: 905000 ns | PC: xxxxxxxx | MemtoReg: xx | Jump: x | Jalr: x
Time: 915000 ns | PC: xxxxxxxx | MemtoReg: xx | Jump: x | Jalr: x
Time: 925000 ns | PC: xxxxxxxx | MemtoReg: xx | Jump: x | Jalr: x
Time: 935000 ns | PC: xxxxxxxx | MemtoReg: xx | Jump: x | Jalr: x
Time: 945000 ns | PC: xxxxxxxx | MemtoReg: xx | Jump: x | Jalr: x
Time: 955000 ns | PC: xxxxxxxx | MemtoReg: xx | Jump: x | Jalr: x
Time: 965000 ns | PC: xxxxxxxx | MemtoReg: xx | Jump: x | Jalr: x
Time: 975000 ns | PC: xxxxxxxx | MemtoReg: xx | Jump: x | Jalr: x
Time: 985000 ns | PC: xxxxxxxx | MemtoReg: xx | Jump: x | Jalr: x
Time: 995000 ns | PC: xxxxxxxx | MemtoReg: xx | Jump: x | Jalr: x
