Vivado Simulator 2020.1
Copyright 1986-1999, 2001-2020 Xilinx, Inc. All Rights Reserved.
Running: F:/New/Vivado/2020.1/bin/unwrapped/win64.o/xelab.exe -wto 27a212c578464fe4ac39c63cd17c8c32 --incr --debug typical --relax --mt 2 -L xil_defaultlib -L unisims_ver -L unimacro_ver -L secureip --snapshot tb_ProjectFinal_behav xil_defaultlib.tb_ProjectFinal xil_defaultlib.glbl -log elaborate.log 
Using 2 slave threads.
Starting static elaboration
Pass Through NonSizing Optimizer
Completed static elaboration
Starting simulation data flow analysis
WARNING: [XSIM 43-4099] "E:/CA Lab/CA Lab Project/CA Lab Project.srcs/sources_1/new/SevenSegmentControl.v" Line 1. Module SevenSegmentControl doesn't have a timescale but at least one module in design has a timescale.
WARNING: [XSIM 43-4099] "E:/CA Lab/CA Lab Project/CA Lab Project.srcs/sources_1/new/SevenSegmentControl.v" Line 1. Module SevenSegmentControl doesn't have a timescale but at least one module in design has a timescale.
Completed simulation data flow analysis
Time Resolution for simulation is 1ps
Compiling module xil_defaultlib.ProgramCounter
Compiling module xil_defaultlib.pcAdder
Compiling module xil_defaultlib.instructionMemory
Compiling module xil_defaultlib.MainControl
Compiling module xil_defaultlib.ALUControl
Compiling module xil_defaultlib.immGen
Compiling module xil_defaultlib.RegisterFile
Compiling module xil_defaultlib.ALU
Compiling module xil_defaultlib.branchAdder
Compiling module xil_defaultlib.mux2
Compiling module xil_defaultlib.AddressDecoder
Compiling module xil_defaultlib.DataMemory
Compiling module xil_defaultlib.leds
Compiling module xil_defaultlib.SevenSegmentControl
Compiling module xil_defaultlib.TopLevelProcessor
Compiling module xil_defaultlib.tb_ProjectFinal
Compiling module xil_defaultlib.glbl
Built simulation snapshot tb_ProjectFinal_behav
